<?xml version="1.0" encoding="UTF-8"?>
<testsuite xmlns:xsi="http://www.w3.org/2001/XMLSchema-instance" xsi:noNamespaceSchemaLocation="https://maven.apache.org/surefire/maven-surefire-plugin/xsd/surefire-test-report-3.0.xsd" version="3.0" name="com.CloudStore.CloudStoreApplicationTests" time="4.857" tests="1" errors="0" skipped="0" failures="0">
  <properties>
[...]
</properties>
  <testcase name="contextLoads" classname="com.CloudStore.CloudStoreApplicationTests" time="0.403">
    <system-out><![CDATA[00:28:16.544 [main] INFO org.springframework.test.context.support.AnnotationConfigContextLoaderUtils -- Could not detect default configuration classes for test class [com.CloudStore.CloudStoreApplicationTests]: CloudStoreApplicationTests does not declare any static, non-private, non-final, nested classes annotated with @Configuration.
00:28:16.594 [main] INFO org.springframework.boot.test.context.SpringBootTestContextBootstrapper -- Found @SpringBootConfiguration com.CloudStore.CloudStoreApplicationDemo for test class com.CloudStore.CloudStoreApplicationTests

  .   ____          _            __ _ _
 /\\ / ___'_ __ _ _(_)_ __  __ _ \ \ \ \
( ( )\___ | '_ | '_| | '_ \/ _` | \ \ \ \
 \\/  ___)| |_)| | | | | || (_| |  ) ) ) )
  '  |____| .__|_| |_|_| |_\__, | / / / /
 =========|_|==============|___/=/_/_/_/
 :: Spring Boot ::                (v3.2.0)

2024-02-01T00:28:16.809+02:00  WARN 84957 --- [           main] ory$DuplicateJsonObjectContextCustomizer : 

Found multiple occurrences of org.json.JSONObject on the class path:

	jar:file:/Users/nikitagagua/.m2/repository/com/vaadin/external/google/android-json/0.0.20131108.vaadin1/android-json-0.0.20131108.vaadin1.jar!/org/json/JSONObject.class
	jar:file:/Users/nikitagagua/.m2/repository/org/json/json/20231013/json-20231013.jar!/org/json/JSONObject.class

You may wish to exclude one of them to ensure predictable runtime behavior

2024-02-01T00:28:16.819+02:00  INFO 84957 --- [           main] c.CloudStore.CloudStoreApplicationTests  : Starting CloudStoreApplicationTests using Java 21.0.1 with PID 84957 (started by nikitagagua in /Users/nikitagagua/Desktop/java things/Cloud-Store-Application)
2024-02-01T00:28:16.819+02:00  INFO 84957 --- [           main] c.CloudStore.CloudStoreApplicationTests  : No active profile set, falling back to 1 default profile: "default"
2024-02-01T00:28:17.342+02:00  INFO 84957 --- [           main] .s.d.r.c.RepositoryConfigurationDelegate : Multiple Spring Data modules found, entering strict repository configuration mode
2024-02-01T00:28:17.342+02:00  INFO 84957 --- [           main] .s.d.r.c.RepositoryConfigurationDelegate : Bootstrapping Spring Data JPA repositories in DEFAULT mode.
2024-02-01T00:28:17.416+02:00  INFO 84957 --- [           main] .s.d.r.c.RepositoryConfigurationDelegate : Finished Spring Data repository scanning in 70 ms. Found 1 JPA repository interface.
2024-02-01T00:28:17.430+02:00  INFO 84957 --- [           main] .s.d.r.c.RepositoryConfigurationDelegate : Multiple Spring Data modules found, entering strict repository configuration mode
2024-02-01T00:28:17.431+02:00  INFO 84957 --- [           main] .s.d.r.c.RepositoryConfigurationDelegate : Bootstrapping Spring Data Redis repositories in DEFAULT mode.
2024-02-01T00:28:17.448+02:00  INFO 84957 --- [           main] .RepositoryConfigurationExtensionSupport : Spring Data Redis - Could not safely identify store assignment for repository candidate interface com.CloudStore.repository.UserRepository; If you want this repository to be a Redis repository, consider annotating your entities with one of these annotations: org.springframework.data.redis.core.RedisHash (preferred), or consider extending one of the following types with your repository: org.springframework.data.keyvalue.repository.KeyValueRepository
2024-02-01T00:28:17.448+02:00  INFO 84957 --- [           main] .s.d.r.c.RepositoryConfigurationDelegate : Finished Spring Data repository scanning in 5 ms. Found 0 Redis repository interfaces.
2024-02-01T00:28:18.189+02:00  INFO 84957 --- [           main] o.f.c.internal.license.VersionPrinter    : Flyway Community Edition 9.22.3 by Redgate
2024-02-01T00:28:18.189+02:00  INFO 84957 --- [           main] o.f.c.internal.license.VersionPrinter    : See release notes here: https://rd.gt/416ObMi
2024-02-01T00:28:18.189+02:00  INFO 84957 --- [           main] o.f.c.internal.license.VersionPrinter    : 
2024-02-01T00:28:18.251+02:00  INFO 84957 --- [           main] org.flywaydb.core.FlywayExecutor         : Database: jdbc:mysql://localhost:3306/CloudStorageDB (MySQL 8.2)
2024-02-01T00:28:18.275+02:00  WARN 84957 --- [           main] o.f.c.internal.database.base.Database    : Flyway upgrade recommended: MySQL 8.2 is newer than this version of Flyway and support has not been tested. The latest supported version of MySQL is 8.0.
2024-02-01T00:28:18.380+02:00  INFO 84957 --- [           main] o.f.core.internal.command.DbValidate     : Successfully validated 2 migrations (execution time 00:00.029s)
2024-02-01T00:28:18.402+02:00  INFO 84957 --- [           main] o.f.core.internal.command.DbMigrate      : Current version of schema `cloudstoragedb`: 2
2024-02-01T00:28:18.405+02:00  INFO 84957 --- [           main] o.f.core.internal.command.DbMigrate      : Schema `cloudstoragedb` is up to date. No migration necessary.
2024-02-01T00:28:18.454+02:00  INFO 84957 --- [           main] o.hibernate.jpa.internal.util.LogHelper  : HHH000204: Processing PersistenceUnitInfo [name: default]
2024-02-01T00:28:18.482+02:00  INFO 84957 --- [           main] org.hibernate.Version                    : HHH000412: Hibernate ORM core version 6.3.1.Final
2024-02-01T00:28:18.499+02:00  INFO 84957 --- [           main] o.h.c.internal.RegionFactoryInitiator    : HHH000026: Second-level cache disabled
2024-02-01T00:28:18.619+02:00  INFO 84957 --- [           main] o.s.o.j.p.SpringPersistenceUnitInfo      : No LoadTimeWeaver setup: ignoring JPA class transformer
2024-02-01T00:28:18.631+02:00  INFO 84957 --- [           main] com.zaxxer.hikari.HikariDataSource       : HikariPool-1 - Starting...
2024-02-01T00:28:18.651+02:00  INFO 84957 --- [           main] com.zaxxer.hikari.pool.HikariPool        : HikariPool-1 - Added connection com.mysql.cj.jdbc.ConnectionImpl@70840a5a
2024-02-01T00:28:18.652+02:00  INFO 84957 --- [           main] com.zaxxer.hikari.HikariDataSource       : HikariPool-1 - Start completed.
2024-02-01T00:28:18.683+02:00  WARN 84957 --- [           main] org.hibernate.orm.deprecation            : HHH90000025: MySQL57Dialect does not need to be specified explicitly using 'hibernate.dialect' (remove the property setting and it will be selected by default)
2024-02-01T00:28:18.684+02:00  WARN 84957 --- [           main] org.hibernate.orm.deprecation            : HHH90000026: MySQL57Dialect has been deprecated; use org.hibernate.dialect.MySQLDialect instead
2024-02-01T00:28:19.116+02:00  INFO 84957 --- [           main] o.h.e.t.j.p.i.JtaPlatformInitiator       : HHH000489: No JTA platform available (set 'hibernate.transaction.jta.platform' to enable JTA platform integration)
2024-02-01T00:28:19.156+02:00  INFO 84957 --- [           main] j.LocalContainerEntityManagerFactoryBean : Initialized JPA EntityManagerFactory for persistence unit 'default'
2024-02-01T00:28:19.795+02:00  WARN 84957 --- [           main] JpaBaseConfiguration$JpaWebConfiguration : spring.jpa.open-in-view is enabled by default. Therefore, database queries may be performed during view rendering. Explicitly configure spring.jpa.open-in-view to disable this warning
2024-02-01T00:28:19.995+02:00  INFO 84957 --- [           main] o.s.s.web.DefaultSecurityFilterChain     : Will secure any request with [org.springframework.security.web.session.DisableEncodeUrlFilter@53a3ccc, org.springframework.security.web.context.request.async.WebAsyncManagerIntegrationFilter@27ca8a5a, org.springframework.security.web.context.SecurityContextHolderFilter@35d31e1c, org.springframework.security.web.header.HeaderWriterFilter@6d13cd6d, org.springframework.web.filter.CorsFilter@62604ed4, org.springframework.security.web.authentication.logout.LogoutFilter@1f5aac08, org.springframework.security.web.authentication.www.BasicAuthenticationFilter@20305c45, org.springframework.security.web.savedrequest.RequestCacheAwareFilter@644eed73, org.springframework.security.web.servletapi.SecurityContextHolderAwareRequestFilter@253a8bdb, org.springframework.security.web.authentication.AnonymousAuthenticationFilter@1bfc6e50, org.springframework.security.web.session.SessionManagementFilter@500d4de8, org.springframework.security.web.access.ExceptionTranslationFilter@1b87f7cd, org.springframework.security.web.access.intercept.AuthorizationFilter@1e6be9f0]
2024-02-01T00:28:20.542+02:00  INFO 84957 --- [           main] o.s.a.r.c.CachingConnectionFactory       : Attempting to connect to: localhost:5672
2024-02-01T00:28:20.746+02:00  INFO 84957 --- [           main] o.s.a.r.c.CachingConnectionFactory       : Created new connection: connectionRabbitFactory#8d5b303:0/SimpleConnection@30e29c0c [delegate=amqp://user@127.0.0.1:5672/, localPort=57239]
2024-02-01T00:28:20.860+02:00  INFO 84957 --- [           main] c.CloudStore.CloudStoreApplicationTests  : Started CloudStoreApplicationTests in 4.181 seconds (process running for 4.756)
]]></system-out>
    <system-err><![CDATA[WARNING: A Java agent has been loaded dynamically (/Users/nikitagagua/.m2/repository/net/bytebuddy/byte-buddy-agent/1.14.10/byte-buddy-agent-1.14.10.jar)
WARNING: If a serviceability tool is in use, please run with -XX:+EnableDynamicAgentLoading to hide this warning
WARNING: If a serviceability tool is not in use, please run with -Djdk.instrument.traceUsage for more information
WARNING: Dynamic loading of agents will be disallowed by default in a future release
]]></system-err>
  </testcase>
</testsuite>